ERROR - 2023-02-28 12:11:03 --> Error connecting to the database: mysqli_sql_exception: Access denied for user 'root'@'localhost' (using password: YES) in C:\wamp64\www\lab3\ci4\system\Database\MySQLi\Connection.php:174
Stack trace:
#0 C:\wamp64\www\lab3\ci4\system\Database\MySQLi\Connection.php(174): mysqli->real_connect('localhost', 'root', 'root', 'ci4tutorial', 3306, '', 0)
#1 C:\wamp64\www\lab3\ci4\system\Database\BaseConnection.php(391): CodeIgniter\Database\MySQLi\Connection->connect(false)
#2 C:\wamp64\www\lab3\ci4\system\Database\BaseConnection.php(573): CodeIgniter\Database\BaseConnection->initialize()
#3 C:\wamp64\www\lab3\ci4\system\Database\BaseBuilder.php(1602): CodeIgniter\Database\BaseConnection->query('SELECT *\nFROM `...', Array, false)
#4 C:\wamp64\www\lab3\ci4\system\Model.php(240): CodeIgniter\Database\BaseBuilder->get()
#5 C:\wamp64\www\lab3\ci4\system\BaseModel.php(618): CodeIgniter\Model->doFindAll(0, 0)
#6 C:\wamp64\www\lab3\ci4\app\Models\NewsModel.php(14): CodeIgniter\BaseModel->findAll()
#7 C:\wamp64\www\lab3\ci4\app\Controllers\News.php(14): App\Models\NewsModel->getNews()
#8 C:\wamp64\www\lab3\ci4\system\CodeIgniter.php(934): App\Controllers\News->index()
#9 C:\wamp64\www\lab3\ci4\system\CodeIgniter.php(499): CodeIgniter\CodeIgniter->runController(Object(App\Controllers\News))
#10 C:\wamp64\www\lab3\ci4\system\CodeIgniter.php(368): CodeIgniter\CodeIgniter->handleRequest(NULL, Object(Config\Cache), false)
#11 C:\wamp64\www\lab3\ci4\public\index.php(67): CodeIgniter\CodeIgniter->run()
#12 {main}

Next CodeIgniter\Database\Exceptions\DatabaseException: Access denied for user '****'@'localhost' (using password: YES) in C:\wamp64\www\lab3\ci4\system\Database\MySQLi\Connection.php:218
Stack trace:
#0 C:\wamp64\www\lab3\ci4\system\Database\BaseConnection.php(391): CodeIgniter\Database\MySQLi\Connection->connect(false)
#1 C:\wamp64\www\lab3\ci4\system\Database\BaseConnection.php(573): CodeIgniter\Database\BaseConnection->initialize()
#2 C:\wamp64\www\lab3\ci4\system\Database\BaseBuilder.php(1602): CodeIgniter\Database\BaseConnection->query('SELECT *\nFROM `...', Array, false)
#3 C:\wamp64\www\lab3\ci4\system\Model.php(240): CodeIgniter\Database\BaseBuilder->get()
#4 C:\wamp64\www\lab3\ci4\system\BaseModel.php(618): CodeIgniter\Model->doFindAll(0, 0)
#5 C:\wamp64\www\lab3\ci4\app\Models\NewsModel.php(14): CodeIgniter\BaseModel->findAll()
#6 C:\wamp64\www\lab3\ci4\app\Controllers\News.php(14): App\Models\NewsModel->getNews()
#7 C:\wamp64\www\lab3\ci4\system\CodeIgniter.php(934): App\Controllers\News->index()
#8 C:\wamp64\www\lab3\ci4\system\CodeIgniter.php(499): CodeIgniter\CodeIgniter->runController(Object(App\Controllers\News))
#9 C:\wamp64\www\lab3\ci4\system\CodeIgniter.php(368): CodeIgniter\CodeIgniter->handleRequest(NULL, Object(Config\Cache), false)
#10 C:\wamp64\www\lab3\ci4\public\index.php(67): CodeIgniter\CodeIgniter->run()
#11 {main}
CRITICAL - 2023-02-28 12:11:03 --> Unable to connect to the database.
Main connection [MySQLi]: Access denied for user '****'@'localhost' (using password: YES)
in SYSTEMPATH\Database\BaseConnection.php on line 427.
 1 SYSTEMPATH\Database\BaseConnection.php(573): CodeIgniter\Database\BaseConnection->initialize()
 2 SYSTEMPATH\Database\BaseBuilder.php(1602): CodeIgniter\Database\BaseConnection->query('SELECT *
FROM `jaespiritu_news`', [], false)
 3 SYSTEMPATH\Model.php(240): CodeIgniter\Database\BaseBuilder->get()
 4 SYSTEMPATH\BaseModel.php(618): CodeIgniter\Model->doFindAll(0, 0)
 5 APPPATH\Models\NewsModel.php(14): CodeIgniter\BaseModel->findAll()
 6 APPPATH\Controllers\News.php(14): App\Models\NewsModel->getNews()
 7 SYSTEMPATH\CodeIgniter.php(934): App\Controllers\News->index()
 8 SYSTEMPATH\CodeIgniter.php(499): CodeIgniter\CodeIgniter->runController(Object(App\Controllers\News))
 9 SYSTEMPATH\CodeIgniter.php(368): CodeIgniter\CodeIgniter->handleRequest(null, Object(Config\Cache), false)
10 FCPATH\index.php(67): CodeIgniter\CodeIgniter->run()
ERROR - 2023-02-28 12:11:46 --> Error connecting to the database: mysqli_sql_exception: Unknown database 'ignite' in C:\wamp64\www\lab3\ci4\system\Database\MySQLi\Connection.php:174
Stack trace:
#0 C:\wamp64\www\lab3\ci4\system\Database\MySQLi\Connection.php(174): mysqli->real_connect('localhost', 'root', '', 'ignite', 3306, '', 0)
#1 C:\wamp64\www\lab3\ci4\system\Database\BaseConnection.php(391): CodeIgniter\Database\MySQLi\Connection->connect(false)
#2 C:\wamp64\www\lab3\ci4\system\Database\BaseConnection.php(573): CodeIgniter\Database\BaseConnection->initialize()
#3 C:\wamp64\www\lab3\ci4\system\Database\BaseBuilder.php(1602): CodeIgniter\Database\BaseConnection->query('SELECT *\nFROM `...', Array, false)
#4 C:\wamp64\www\lab3\ci4\system\Model.php(240): CodeIgniter\Database\BaseBuilder->get()
#5 C:\wamp64\www\lab3\ci4\system\BaseModel.php(618): CodeIgniter\Model->doFindAll(0, 0)
#6 C:\wamp64\www\lab3\ci4\app\Models\NewsModel.php(14): CodeIgniter\BaseModel->findAll()
#7 C:\wamp64\www\lab3\ci4\app\Controllers\News.php(14): App\Models\NewsModel->getNews()
#8 C:\wamp64\www\lab3\ci4\system\CodeIgniter.php(934): App\Controllers\News->index()
#9 C:\wamp64\www\lab3\ci4\system\CodeIgniter.php(499): CodeIgniter\CodeIgniter->runController(Object(App\Controllers\News))
#10 C:\wamp64\www\lab3\ci4\system\CodeIgniter.php(368): CodeIgniter\CodeIgniter->handleRequest(NULL, Object(Config\Cache), false)
#11 C:\wamp64\www\lab3\ci4\public\index.php(67): CodeIgniter\CodeIgniter->run()
#12 {main}

Next CodeIgniter\Database\Exceptions\DatabaseException: Unknown database 'ignite' in C:\wamp64\www\lab3\ci4\system\Database\MySQLi\Connection.php:218
Stack trace:
#0 C:\wamp64\www\lab3\ci4\system\Database\BaseConnection.php(391): CodeIgniter\Database\MySQLi\Connection->connect(false)
#1 C:\wamp64\www\lab3\ci4\system\Database\BaseConnection.php(573): CodeIgniter\Database\BaseConnection->initialize()
#2 C:\wamp64\www\lab3\ci4\system\Database\BaseBuilder.php(1602): CodeIgniter\Database\BaseConnection->query('SELECT *\nFROM `...', Array, false)
#3 C:\wamp64\www\lab3\ci4\system\Model.php(240): CodeIgniter\Database\BaseBuilder->get()
#4 C:\wamp64\www\lab3\ci4\system\BaseModel.php(618): CodeIgniter\Model->doFindAll(0, 0)
#5 C:\wamp64\www\lab3\ci4\app\Models\NewsModel.php(14): CodeIgniter\BaseModel->findAll()
#6 C:\wamp64\www\lab3\ci4\app\Controllers\News.php(14): App\Models\NewsModel->getNews()
#7 C:\wamp64\www\lab3\ci4\system\CodeIgniter.php(934): App\Controllers\News->index()
#8 C:\wamp64\www\lab3\ci4\system\CodeIgniter.php(499): CodeIgniter\CodeIgniter->runController(Object(App\Controllers\News))
#9 C:\wamp64\www\lab3\ci4\system\CodeIgniter.php(368): CodeIgniter\CodeIgniter->handleRequest(NULL, Object(Config\Cache), false)
#10 C:\wamp64\www\lab3\ci4\public\index.php(67): CodeIgniter\CodeIgniter->run()
#11 {main}
CRITICAL - 2023-02-28 12:11:46 --> Unable to connect to the database.
Main connection [MySQLi]: Unknown database 'ignite'
in SYSTEMPATH\Database\BaseConnection.php on line 427.
 1 SYSTEMPATH\Database\BaseConnection.php(573): CodeIgniter\Database\BaseConnection->initialize()
 2 SYSTEMPATH\Database\BaseBuilder.php(1602): CodeIgniter\Database\BaseConnection->query('SELECT *
FROM `jaespiritu_news`', [], false)
 3 SYSTEMPATH\Model.php(240): CodeIgniter\Database\BaseBuilder->get()
 4 SYSTEMPATH\BaseModel.php(618): CodeIgniter\Model->doFindAll(0, 0)
 5 APPPATH\Models\NewsModel.php(14): CodeIgniter\BaseModel->findAll()
 6 APPPATH\Controllers\News.php(14): App\Models\NewsModel->getNews()
 7 SYSTEMPATH\CodeIgniter.php(934): App\Controllers\News->index()
 8 SYSTEMPATH\CodeIgniter.php(499): CodeIgniter\CodeIgniter->runController(Object(App\Controllers\News))
 9 SYSTEMPATH\CodeIgniter.php(368): CodeIgniter\CodeIgniter->handleRequest(null, Object(Config\Cache), false)
10 FCPATH\index.php(67): CodeIgniter\CodeIgniter->run()
ERROR - 2023-02-28 12:12:03 --> Error connecting to the database: mysqli_sql_exception: Unknown database 'ignite' in C:\wamp64\www\lab3\ci4\system\Database\MySQLi\Connection.php:174
Stack trace:
#0 C:\wamp64\www\lab3\ci4\system\Database\MySQLi\Connection.php(174): mysqli->real_connect('localhost', 'root', '', 'ignite', 3306, '', 0)
#1 C:\wamp64\www\lab3\ci4\system\Database\BaseConnection.php(391): CodeIgniter\Database\MySQLi\Connection->connect(false)
#2 C:\wamp64\www\lab3\ci4\system\Database\BaseConnection.php(573): CodeIgniter\Database\BaseConnection->initialize()
#3 C:\wamp64\www\lab3\ci4\system\Database\BaseBuilder.php(1602): CodeIgniter\Database\BaseConnection->query('SELECT *\nFROM `...', Array, false)
#4 C:\wamp64\www\lab3\ci4\system\Model.php(240): CodeIgniter\Database\BaseBuilder->get()
#5 C:\wamp64\www\lab3\ci4\system\BaseModel.php(618): CodeIgniter\Model->doFindAll(0, 0)
#6 C:\wamp64\www\lab3\ci4\app\Models\NewsModel.php(14): CodeIgniter\BaseModel->findAll()
#7 C:\wamp64\www\lab3\ci4\app\Controllers\News.php(14): App\Models\NewsModel->getNews()
#8 C:\wamp64\www\lab3\ci4\system\CodeIgniter.php(934): App\Controllers\News->index()
#9 C:\wamp64\www\lab3\ci4\system\CodeIgniter.php(499): CodeIgniter\CodeIgniter->runController(Object(App\Controllers\News))
#10 C:\wamp64\www\lab3\ci4\system\CodeIgniter.php(368): CodeIgniter\CodeIgniter->handleRequest(NULL, Object(Config\Cache), false)
#11 C:\wamp64\www\lab3\ci4\public\index.php(67): CodeIgniter\CodeIgniter->run()
#12 {main}

Next CodeIgniter\Database\Exceptions\DatabaseException: Unknown database 'ignite' in C:\wamp64\www\lab3\ci4\system\Database\MySQLi\Connection.php:218
Stack trace:
#0 C:\wamp64\www\lab3\ci4\system\Database\BaseConnection.php(391): CodeIgniter\Database\MySQLi\Connection->connect(false)
#1 C:\wamp64\www\lab3\ci4\system\Database\BaseConnection.php(573): CodeIgniter\Database\BaseConnection->initialize()
#2 C:\wamp64\www\lab3\ci4\system\Database\BaseBuilder.php(1602): CodeIgniter\Database\BaseConnection->query('SELECT *\nFROM `...', Array, false)
#3 C:\wamp64\www\lab3\ci4\system\Model.php(240): CodeIgniter\Database\BaseBuilder->get()
#4 C:\wamp64\www\lab3\ci4\system\BaseModel.php(618): CodeIgniter\Model->doFindAll(0, 0)
#5 C:\wamp64\www\lab3\ci4\app\Models\NewsModel.php(14): CodeIgniter\BaseModel->findAll()
#6 C:\wamp64\www\lab3\ci4\app\Controllers\News.php(14): App\Models\NewsModel->getNews()
#7 C:\wamp64\www\lab3\ci4\system\CodeIgniter.php(934): App\Controllers\News->index()
#8 C:\wamp64\www\lab3\ci4\system\CodeIgniter.php(499): CodeIgniter\CodeIgniter->runController(Object(App\Controllers\News))
#9 C:\wamp64\www\lab3\ci4\system\CodeIgniter.php(368): CodeIgniter\CodeIgniter->handleRequest(NULL, Object(Config\Cache), false)
#10 C:\wamp64\www\lab3\ci4\public\index.php(67): CodeIgniter\CodeIgniter->run()
#11 {main}
CRITICAL - 2023-02-28 12:12:03 --> Unable to connect to the database.
Main connection [MySQLi]: Unknown database 'ignite'
in SYSTEMPATH\Database\BaseConnection.php on line 427.
 1 SYSTEMPATH\Database\BaseConnection.php(573): CodeIgniter\Database\BaseConnection->initialize()
 2 SYSTEMPATH\Database\BaseBuilder.php(1602): CodeIgniter\Database\BaseConnection->query('SELECT *
FROM `jaespiritu_news`', [], false)
 3 SYSTEMPATH\Model.php(240): CodeIgniter\Database\BaseBuilder->get()
 4 SYSTEMPATH\BaseModel.php(618): CodeIgniter\Model->doFindAll(0, 0)
 5 APPPATH\Models\NewsModel.php(14): CodeIgniter\BaseModel->findAll()
 6 APPPATH\Controllers\News.php(14): App\Models\NewsModel->getNews()
 7 SYSTEMPATH\CodeIgniter.php(934): App\Controllers\News->index()
 8 SYSTEMPATH\CodeIgniter.php(499): CodeIgniter\CodeIgniter->runController(Object(App\Controllers\News))
 9 SYSTEMPATH\CodeIgniter.php(368): CodeIgniter\CodeIgniter->handleRequest(null, Object(Config\Cache), false)
10 FCPATH\index.php(67): CodeIgniter\CodeIgniter->run()
ERROR - 2023-02-28 12:13:15 --> Error connecting to the database: mysqli_sql_exception: Unknown database 'ignite' in C:\wamp64\www\lab3\ci4\system\Database\MySQLi\Connection.php:174
Stack trace:
#0 C:\wamp64\www\lab3\ci4\system\Database\MySQLi\Connection.php(174): mysqli->real_connect('localhost', 'root', '', 'ignite', 3306, '', 0)
#1 C:\wamp64\www\lab3\ci4\system\Database\BaseConnection.php(391): CodeIgniter\Database\MySQLi\Connection->connect(false)
#2 C:\wamp64\www\lab3\ci4\system\Database\BaseConnection.php(573): CodeIgniter\Database\BaseConnection->initialize()
#3 C:\wamp64\www\lab3\ci4\system\Database\BaseBuilder.php(1602): CodeIgniter\Database\BaseConnection->query('SELECT *\nFROM `...', Array, false)
#4 C:\wamp64\www\lab3\ci4\system\Model.php(240): CodeIgniter\Database\BaseBuilder->get()
#5 C:\wamp64\www\lab3\ci4\system\BaseModel.php(618): CodeIgniter\Model->doFindAll(0, 0)
#6 C:\wamp64\www\lab3\ci4\app\Models\NewsModel.php(14): CodeIgniter\BaseModel->findAll()
#7 C:\wamp64\www\lab3\ci4\app\Controllers\News.php(14): App\Models\NewsModel->getNews()
#8 C:\wamp64\www\lab3\ci4\system\CodeIgniter.php(934): App\Controllers\News->index()
#9 C:\wamp64\www\lab3\ci4\system\CodeIgniter.php(499): CodeIgniter\CodeIgniter->runController(Object(App\Controllers\News))
#10 C:\wamp64\www\lab3\ci4\system\CodeIgniter.php(368): CodeIgniter\CodeIgniter->handleRequest(NULL, Object(Config\Cache), false)
#11 C:\wamp64\www\lab3\ci4\public\index.php(67): CodeIgniter\CodeIgniter->run()
#12 {main}

Next CodeIgniter\Database\Exceptions\DatabaseException: Unknown database 'ignite' in C:\wamp64\www\lab3\ci4\system\Database\MySQLi\Connection.php:218
Stack trace:
#0 C:\wamp64\www\lab3\ci4\system\Database\BaseConnection.php(391): CodeIgniter\Database\MySQLi\Connection->connect(false)
#1 C:\wamp64\www\lab3\ci4\system\Database\BaseConnection.php(573): CodeIgniter\Database\BaseConnection->initialize()
#2 C:\wamp64\www\lab3\ci4\system\Database\BaseBuilder.php(1602): CodeIgniter\Database\BaseConnection->query('SELECT *\nFROM `...', Array, false)
#3 C:\wamp64\www\lab3\ci4\system\Model.php(240): CodeIgniter\Database\BaseBuilder->get()
#4 C:\wamp64\www\lab3\ci4\system\BaseModel.php(618): CodeIgniter\Model->doFindAll(0, 0)
#5 C:\wamp64\www\lab3\ci4\app\Models\NewsModel.php(14): CodeIgniter\BaseModel->findAll()
#6 C:\wamp64\www\lab3\ci4\app\Controllers\News.php(14): App\Models\NewsModel->getNews()
#7 C:\wamp64\www\lab3\ci4\system\CodeIgniter.php(934): App\Controllers\News->index()
#8 C:\wamp64\www\lab3\ci4\system\CodeIgniter.php(499): CodeIgniter\CodeIgniter->runController(Object(App\Controllers\News))
#9 C:\wamp64\www\lab3\ci4\system\CodeIgniter.php(368): CodeIgniter\CodeIgniter->handleRequest(NULL, Object(Config\Cache), false)
#10 C:\wamp64\www\lab3\ci4\public\index.php(67): CodeIgniter\CodeIgniter->run()
#11 {main}
CRITICAL - 2023-02-28 12:13:15 --> Unable to connect to the database.
Main connection [MySQLi]: Unknown database 'ignite'
in SYSTEMPATH\Database\BaseConnection.php on line 427.
 1 SYSTEMPATH\Database\BaseConnection.php(573): CodeIgniter\Database\BaseConnection->initialize()
 2 SYSTEMPATH\Database\BaseBuilder.php(1602): CodeIgniter\Database\BaseConnection->query('SELECT *
FROM `jaespiritu_news`', [], false)
 3 SYSTEMPATH\Model.php(240): CodeIgniter\Database\BaseBuilder->get()
 4 SYSTEMPATH\BaseModel.php(618): CodeIgniter\Model->doFindAll(0, 0)
 5 APPPATH\Models\NewsModel.php(14): CodeIgniter\BaseModel->findAll()
 6 APPPATH\Controllers\News.php(14): App\Models\NewsModel->getNews()
 7 SYSTEMPATH\CodeIgniter.php(934): App\Controllers\News->index()
 8 SYSTEMPATH\CodeIgniter.php(499): CodeIgniter\CodeIgniter->runController(Object(App\Controllers\News))
 9 SYSTEMPATH\CodeIgniter.php(368): CodeIgniter\CodeIgniter->handleRequest(null, Object(Config\Cache), false)
10 FCPATH\index.php(67): CodeIgniter\CodeIgniter->run()
ERROR - 2023-02-28 12:19:33 --> Error connecting to the database: mysqli_sql_exception: Unknown database 'ignite' in C:\wamp64\www\lab3\ci4\system\Database\MySQLi\Connection.php:174
Stack trace:
#0 C:\wamp64\www\lab3\ci4\system\Database\MySQLi\Connection.php(174): mysqli->real_connect('localhost', 'root', '', 'ignite', 3306, '', 0)
#1 C:\wamp64\www\lab3\ci4\system\Database\BaseConnection.php(391): CodeIgniter\Database\MySQLi\Connection->connect(false)
#2 C:\wamp64\www\lab3\ci4\system\Database\BaseConnection.php(573): CodeIgniter\Database\BaseConnection->initialize()
#3 C:\wamp64\www\lab3\ci4\system\Database\BaseBuilder.php(1602): CodeIgniter\Database\BaseConnection->query('SELECT *\nFROM `...', Array, false)
#4 C:\wamp64\www\lab3\ci4\system\Model.php(240): CodeIgniter\Database\BaseBuilder->get()
#5 C:\wamp64\www\lab3\ci4\system\BaseModel.php(618): CodeIgniter\Model->doFindAll(0, 0)
#6 C:\wamp64\www\lab3\ci4\app\Models\NewsModel.php(14): CodeIgniter\BaseModel->findAll()
#7 C:\wamp64\www\lab3\ci4\app\Controllers\News.php(14): App\Models\NewsModel->getNews()
#8 C:\wamp64\www\lab3\ci4\system\CodeIgniter.php(934): App\Controllers\News->index()
#9 C:\wamp64\www\lab3\ci4\system\CodeIgniter.php(499): CodeIgniter\CodeIgniter->runController(Object(App\Controllers\News))
#10 C:\wamp64\www\lab3\ci4\system\CodeIgniter.php(368): CodeIgniter\CodeIgniter->handleRequest(NULL, Object(Config\Cache), false)
#11 C:\wamp64\www\lab3\ci4\public\index.php(67): CodeIgniter\CodeIgniter->run()
#12 {main}

Next CodeIgniter\Database\Exceptions\DatabaseException: Unknown database 'ignite' in C:\wamp64\www\lab3\ci4\system\Database\MySQLi\Connection.php:218
Stack trace:
#0 C:\wamp64\www\lab3\ci4\system\Database\BaseConnection.php(391): CodeIgniter\Database\MySQLi\Connection->connect(false)
#1 C:\wamp64\www\lab3\ci4\system\Database\BaseConnection.php(573): CodeIgniter\Database\BaseConnection->initialize()
#2 C:\wamp64\www\lab3\ci4\system\Database\BaseBuilder.php(1602): CodeIgniter\Database\BaseConnection->query('SELECT *\nFROM `...', Array, false)
#3 C:\wamp64\www\lab3\ci4\system\Model.php(240): CodeIgniter\Database\BaseBuilder->get()
#4 C:\wamp64\www\lab3\ci4\system\BaseModel.php(618): CodeIgniter\Model->doFindAll(0, 0)
#5 C:\wamp64\www\lab3\ci4\app\Models\NewsModel.php(14): CodeIgniter\BaseModel->findAll()
#6 C:\wamp64\www\lab3\ci4\app\Controllers\News.php(14): App\Models\NewsModel->getNews()
#7 C:\wamp64\www\lab3\ci4\system\CodeIgniter.php(934): App\Controllers\News->index()
#8 C:\wamp64\www\lab3\ci4\system\CodeIgniter.php(499): CodeIgniter\CodeIgniter->runController(Object(App\Controllers\News))
#9 C:\wamp64\www\lab3\ci4\system\CodeIgniter.php(368): CodeIgniter\CodeIgniter->handleRequest(NULL, Object(Config\Cache), false)
#10 C:\wamp64\www\lab3\ci4\public\index.php(67): CodeIgniter\CodeIgniter->run()
#11 {main}
CRITICAL - 2023-02-28 12:19:33 --> Unable to connect to the database.
Main connection [MySQLi]: Unknown database 'ignite'
in SYSTEMPATH\Database\BaseConnection.php on line 427.
 1 SYSTEMPATH\Database\BaseConnection.php(573): CodeIgniter\Database\BaseConnection->initialize()
 2 SYSTEMPATH\Database\BaseBuilder.php(1602): CodeIgniter\Database\BaseConnection->query('SELECT *
FROM `jaespiritu_news`', [], false)
 3 SYSTEMPATH\Model.php(240): CodeIgniter\Database\BaseBuilder->get()
 4 SYSTEMPATH\BaseModel.php(618): CodeIgniter\Model->doFindAll(0, 0)
 5 APPPATH\Models\NewsModel.php(14): CodeIgniter\BaseModel->findAll()
 6 APPPATH\Controllers\News.php(14): App\Models\NewsModel->getNews()
 7 SYSTEMPATH\CodeIgniter.php(934): App\Controllers\News->index()
 8 SYSTEMPATH\CodeIgniter.php(499): CodeIgniter\CodeIgniter->runController(Object(App\Controllers\News))
 9 SYSTEMPATH\CodeIgniter.php(368): CodeIgniter\CodeIgniter->handleRequest(null, Object(Config\Cache), false)
10 FCPATH\index.php(67): CodeIgniter\CodeIgniter->run()
CRITICAL - 2023-02-28 12:24:01 --> Call to undefined method App\Models\NewsModel::getNews
in SYSTEMPATH\Model.php on line 841.
 1 APPPATH\Controllers\News.php(14): CodeIgniter\Model->__call('getNews', [])
 2 SYSTEMPATH\CodeIgniter.php(934): App\Controllers\News->index()
 3 SYSTEMPATH\CodeIgniter.php(499): CodeIgniter\CodeIgniter->runController(Object(App\Controllers\News))
 4 SYSTEMPATH\CodeIgniter.php(368): CodeIgniter\CodeIgniter->handleRequest(null, Object(Config\Cache), false)
 5 FCPATH\index.php(67): CodeIgniter\CodeIgniter->run()
ERROR - 2023-02-28 12:24:30 --> Error connecting to the database: mysqli_sql_exception: Unknown database 'ignite' in C:\wamp64\www\lab3\ci4\system\Database\MySQLi\Connection.php:174
Stack trace:
#0 C:\wamp64\www\lab3\ci4\system\Database\MySQLi\Connection.php(174): mysqli->real_connect('localhost', 'root', '', 'ignite', 3306, '', 0)
#1 C:\wamp64\www\lab3\ci4\system\Database\BaseConnection.php(391): CodeIgniter\Database\MySQLi\Connection->connect(false)
#2 C:\wamp64\www\lab3\ci4\system\Database\BaseConnection.php(573): CodeIgniter\Database\BaseConnection->initialize()
#3 C:\wamp64\www\lab3\ci4\system\Database\BaseBuilder.php(1602): CodeIgniter\Database\BaseConnection->query('SELECT *\nFROM `...', Array, false)
#4 C:\wamp64\www\lab3\ci4\system\Model.php(240): CodeIgniter\Database\BaseBuilder->get()
#5 C:\wamp64\www\lab3\ci4\system\BaseModel.php(618): CodeIgniter\Model->doFindAll(0, 0)
#6 C:\wamp64\www\lab3\ci4\app\Models\NewsModel.php(14): CodeIgniter\BaseModel->findAll()
#7 C:\wamp64\www\lab3\ci4\app\Controllers\News.php(14): App\Models\NewsModel->getNews()
#8 C:\wamp64\www\lab3\ci4\system\CodeIgniter.php(934): App\Controllers\News->index()
#9 C:\wamp64\www\lab3\ci4\system\CodeIgniter.php(499): CodeIgniter\CodeIgniter->runController(Object(App\Controllers\News))
#10 C:\wamp64\www\lab3\ci4\system\CodeIgniter.php(368): CodeIgniter\CodeIgniter->handleRequest(NULL, Object(Config\Cache), false)
#11 C:\wamp64\www\lab3\ci4\public\index.php(67): CodeIgniter\CodeIgniter->run()
#12 {main}

Next CodeIgniter\Database\Exceptions\DatabaseException: Unknown database 'ignite' in C:\wamp64\www\lab3\ci4\system\Database\MySQLi\Connection.php:218
Stack trace:
#0 C:\wamp64\www\lab3\ci4\system\Database\BaseConnection.php(391): CodeIgniter\Database\MySQLi\Connection->connect(false)
#1 C:\wamp64\www\lab3\ci4\system\Database\BaseConnection.php(573): CodeIgniter\Database\BaseConnection->initialize()
#2 C:\wamp64\www\lab3\ci4\system\Database\BaseBuilder.php(1602): CodeIgniter\Database\BaseConnection->query('SELECT *\nFROM `...', Array, false)
#3 C:\wamp64\www\lab3\ci4\system\Model.php(240): CodeIgniter\Database\BaseBuilder->get()
#4 C:\wamp64\www\lab3\ci4\system\BaseModel.php(618): CodeIgniter\Model->doFindAll(0, 0)
#5 C:\wamp64\www\lab3\ci4\app\Models\NewsModel.php(14): CodeIgniter\BaseModel->findAll()
#6 C:\wamp64\www\lab3\ci4\app\Controllers\News.php(14): App\Models\NewsModel->getNews()
#7 C:\wamp64\www\lab3\ci4\system\CodeIgniter.php(934): App\Controllers\News->index()
#8 C:\wamp64\www\lab3\ci4\system\CodeIgniter.php(499): CodeIgniter\CodeIgniter->runController(Object(App\Controllers\News))
#9 C:\wamp64\www\lab3\ci4\system\CodeIgniter.php(368): CodeIgniter\CodeIgniter->handleRequest(NULL, Object(Config\Cache), false)
#10 C:\wamp64\www\lab3\ci4\public\index.php(67): CodeIgniter\CodeIgniter->run()
#11 {main}
CRITICAL - 2023-02-28 12:24:30 --> Unable to connect to the database.
Main connection [MySQLi]: Unknown database 'ignite'
in SYSTEMPATH\Database\BaseConnection.php on line 427.
 1 SYSTEMPATH\Database\BaseConnection.php(573): CodeIgniter\Database\BaseConnection->initialize()
 2 SYSTEMPATH\Database\BaseBuilder.php(1602): CodeIgniter\Database\BaseConnection->query('SELECT *
FROM `jaespiritu_news`', [], false)
 3 SYSTEMPATH\Model.php(240): CodeIgniter\Database\BaseBuilder->get()
 4 SYSTEMPATH\BaseModel.php(618): CodeIgniter\Model->doFindAll(0, 0)
 5 APPPATH\Models\NewsModel.php(14): CodeIgniter\BaseModel->findAll()
 6 APPPATH\Controllers\News.php(14): App\Models\NewsModel->getNews()
 7 SYSTEMPATH\CodeIgniter.php(934): App\Controllers\News->index()
 8 SYSTEMPATH\CodeIgniter.php(499): CodeIgniter\CodeIgniter->runController(Object(App\Controllers\News))
 9 SYSTEMPATH\CodeIgniter.php(368): CodeIgniter\CodeIgniter->handleRequest(null, Object(Config\Cache), false)
10 FCPATH\index.php(67): CodeIgniter\CodeIgniter->run()
ERROR - 2023-02-28 12:26:54 --> Error connecting to the database: mysqli_sql_exception: Unknown database 'coderigniter' in C:\wamp64\www\lab3\ci4\system\Database\MySQLi\Connection.php:174
Stack trace:
#0 C:\wamp64\www\lab3\ci4\system\Database\MySQLi\Connection.php(174): mysqli->real_connect('localhost', 'root', '', 'coderigniter', 3306, '', 0)
#1 C:\wamp64\www\lab3\ci4\system\Database\BaseConnection.php(391): CodeIgniter\Database\MySQLi\Connection->connect(false)
#2 C:\wamp64\www\lab3\ci4\system\Database\BaseConnection.php(573): CodeIgniter\Database\BaseConnection->initialize()
#3 C:\wamp64\www\lab3\ci4\system\Database\BaseBuilder.php(1602): CodeIgniter\Database\BaseConnection->query('SELECT *\nFROM `...', Array, false)
#4 C:\wamp64\www\lab3\ci4\system\Model.php(240): CodeIgniter\Database\BaseBuilder->get()
#5 C:\wamp64\www\lab3\ci4\system\BaseModel.php(618): CodeIgniter\Model->doFindAll(0, 0)
#6 C:\wamp64\www\lab3\ci4\app\Models\NewsModel.php(14): CodeIgniter\BaseModel->findAll()
#7 C:\wamp64\www\lab3\ci4\app\Controllers\News.php(14): App\Models\NewsModel->getNews()
#8 C:\wamp64\www\lab3\ci4\system\CodeIgniter.php(934): App\Controllers\News->index()
#9 C:\wamp64\www\lab3\ci4\system\CodeIgniter.php(499): CodeIgniter\CodeIgniter->runController(Object(App\Controllers\News))
#10 C:\wamp64\www\lab3\ci4\system\CodeIgniter.php(368): CodeIgniter\CodeIgniter->handleRequest(NULL, Object(Config\Cache), false)
#11 C:\wamp64\www\lab3\ci4\public\index.php(67): CodeIgniter\CodeIgniter->run()
#12 {main}

Next CodeIgniter\Database\Exceptions\DatabaseException: Unknown database 'coderigniter' in C:\wamp64\www\lab3\ci4\system\Database\MySQLi\Connection.php:218
Stack trace:
#0 C:\wamp64\www\lab3\ci4\system\Database\BaseConnection.php(391): CodeIgniter\Database\MySQLi\Connection->connect(false)
#1 C:\wamp64\www\lab3\ci4\system\Database\BaseConnection.php(573): CodeIgniter\Database\BaseConnection->initialize()
#2 C:\wamp64\www\lab3\ci4\system\Database\BaseBuilder.php(1602): CodeIgniter\Database\BaseConnection->query('SELECT *\nFROM `...', Array, false)
#3 C:\wamp64\www\lab3\ci4\system\Model.php(240): CodeIgniter\Database\BaseBuilder->get()
#4 C:\wamp64\www\lab3\ci4\system\BaseModel.php(618): CodeIgniter\Model->doFindAll(0, 0)
#5 C:\wamp64\www\lab3\ci4\app\Models\NewsModel.php(14): CodeIgniter\BaseModel->findAll()
#6 C:\wamp64\www\lab3\ci4\app\Controllers\News.php(14): App\Models\NewsModel->getNews()
#7 C:\wamp64\www\lab3\ci4\system\CodeIgniter.php(934): App\Controllers\News->index()
#8 C:\wamp64\www\lab3\ci4\system\CodeIgniter.php(499): CodeIgniter\CodeIgniter->runController(Object(App\Controllers\News))
#9 C:\wamp64\www\lab3\ci4\system\CodeIgniter.php(368): CodeIgniter\CodeIgniter->handleRequest(NULL, Object(Config\Cache), false)
#10 C:\wamp64\www\lab3\ci4\public\index.php(67): CodeIgniter\CodeIgniter->run()
#11 {main}
CRITICAL - 2023-02-28 12:26:54 --> Unable to connect to the database.
Main connection [MySQLi]: Unknown database 'coderigniter'
in SYSTEMPATH\Database\BaseConnection.php on line 427.
 1 SYSTEMPATH\Database\BaseConnection.php(573): CodeIgniter\Database\BaseConnection->initialize()
 2 SYSTEMPATH\Database\BaseBuilder.php(1602): CodeIgniter\Database\BaseConnection->query('SELECT *
FROM `jaespiritu_news`', [], false)
 3 SYSTEMPATH\Model.php(240): CodeIgniter\Database\BaseBuilder->get()
 4 SYSTEMPATH\BaseModel.php(618): CodeIgniter\Model->doFindAll(0, 0)
 5 APPPATH\Models\NewsModel.php(14): CodeIgniter\BaseModel->findAll()
 6 APPPATH\Controllers\News.php(14): App\Models\NewsModel->getNews()
 7 SYSTEMPATH\CodeIgniter.php(934): App\Controllers\News->index()
 8 SYSTEMPATH\CodeIgniter.php(499): CodeIgniter\CodeIgniter->runController(Object(App\Controllers\News))
 9 SYSTEMPATH\CodeIgniter.php(368): CodeIgniter\CodeIgniter->handleRequest(null, Object(Config\Cache), false)
10 FCPATH\index.php(67): CodeIgniter\CodeIgniter->run()
ERROR - 2023-02-28 12:29:07 --> Error connecting to the database: mysqli_sql_exception: Unknown database 'webprog' in C:\wamp64\www\lab3\ci4\system\Database\MySQLi\Connection.php:174
Stack trace:
#0 C:\wamp64\www\lab3\ci4\system\Database\MySQLi\Connection.php(174): mysqli->real_connect('localhost', 'root', '', 'webprog', 3306, '', 0)
#1 C:\wamp64\www\lab3\ci4\system\Database\BaseConnection.php(391): CodeIgniter\Database\MySQLi\Connection->connect(false)
#2 C:\wamp64\www\lab3\ci4\system\Database\BaseConnection.php(573): CodeIgniter\Database\BaseConnection->initialize()
#3 C:\wamp64\www\lab3\ci4\system\Database\BaseBuilder.php(1602): CodeIgniter\Database\BaseConnection->query('SELECT *\nFROM `...', Array, false)
#4 C:\wamp64\www\lab3\ci4\system\Model.php(240): CodeIgniter\Database\BaseBuilder->get()
#5 C:\wamp64\www\lab3\ci4\system\BaseModel.php(618): CodeIgniter\Model->doFindAll(0, 0)
#6 C:\wamp64\www\lab3\ci4\app\Models\NewsModel.php(14): CodeIgniter\BaseModel->findAll()
#7 C:\wamp64\www\lab3\ci4\app\Controllers\News.php(14): App\Models\NewsModel->getNews()
#8 C:\wamp64\www\lab3\ci4\system\CodeIgniter.php(934): App\Controllers\News->index()
#9 C:\wamp64\www\lab3\ci4\system\CodeIgniter.php(499): CodeIgniter\CodeIgniter->runController(Object(App\Controllers\News))
#10 C:\wamp64\www\lab3\ci4\system\CodeIgniter.php(368): CodeIgniter\CodeIgniter->handleRequest(NULL, Object(Config\Cache), false)
#11 C:\wamp64\www\lab3\ci4\public\index.php(67): CodeIgniter\CodeIgniter->run()
#12 {main}

Next CodeIgniter\Database\Exceptions\DatabaseException: Unknown database 'webprog' in C:\wamp64\www\lab3\ci4\system\Database\MySQLi\Connection.php:218
Stack trace:
#0 C:\wamp64\www\lab3\ci4\system\Database\BaseConnection.php(391): CodeIgniter\Database\MySQLi\Connection->connect(false)
#1 C:\wamp64\www\lab3\ci4\system\Database\BaseConnection.php(573): CodeIgniter\Database\BaseConnection->initialize()
#2 C:\wamp64\www\lab3\ci4\system\Database\BaseBuilder.php(1602): CodeIgniter\Database\BaseConnection->query('SELECT *\nFROM `...', Array, false)
#3 C:\wamp64\www\lab3\ci4\system\Model.php(240): CodeIgniter\Database\BaseBuilder->get()
#4 C:\wamp64\www\lab3\ci4\system\BaseModel.php(618): CodeIgniter\Model->doFindAll(0, 0)
#5 C:\wamp64\www\lab3\ci4\app\Models\NewsModel.php(14): CodeIgniter\BaseModel->findAll()
#6 C:\wamp64\www\lab3\ci4\app\Controllers\News.php(14): App\Models\NewsModel->getNews()
#7 C:\wamp64\www\lab3\ci4\system\CodeIgniter.php(934): App\Controllers\News->index()
#8 C:\wamp64\www\lab3\ci4\system\CodeIgniter.php(499): CodeIgniter\CodeIgniter->runController(Object(App\Controllers\News))
#9 C:\wamp64\www\lab3\ci4\system\CodeIgniter.php(368): CodeIgniter\CodeIgniter->handleRequest(NULL, Object(Config\Cache), false)
#10 C:\wamp64\www\lab3\ci4\public\index.php(67): CodeIgniter\CodeIgniter->run()
#11 {main}
CRITICAL - 2023-02-28 12:29:07 --> Unable to connect to the database.
Main connection [MySQLi]: Unknown database 'webprog'
in SYSTEMPATH\Database\BaseConnection.php on line 427.
 1 SYSTEMPATH\Database\BaseConnection.php(573): CodeIgniter\Database\BaseConnection->initialize()
 2 SYSTEMPATH\Database\BaseBuilder.php(1602): CodeIgniter\Database\BaseConnection->query('SELECT *
FROM `jaespiritu_news`', [], false)
 3 SYSTEMPATH\Model.php(240): CodeIgniter\Database\BaseBuilder->get()
 4 SYSTEMPATH\BaseModel.php(618): CodeIgniter\Model->doFindAll(0, 0)
 5 APPPATH\Models\NewsModel.php(14): CodeIgniter\BaseModel->findAll()
 6 APPPATH\Controllers\News.php(14): App\Models\NewsModel->getNews()
 7 SYSTEMPATH\CodeIgniter.php(934): App\Controllers\News->index()
 8 SYSTEMPATH\CodeIgniter.php(499): CodeIgniter\CodeIgniter->runController(Object(App\Controllers\News))
 9 SYSTEMPATH\CodeIgniter.php(368): CodeIgniter\CodeIgniter->handleRequest(null, Object(Config\Cache), false)
10 FCPATH\index.php(67): CodeIgniter\CodeIgniter->run()
